<?xml version="1.0" encoding="UTF-8"?>
<testng-results ignored="4" total="5" passed="0" failed="1" skipped="0">
  <reporter-output>
  </reporter-output>
  <suite started-at="2023-06-02T23:56:46 EDT" name="Default suite" finished-at="2023-06-02T23:58:19 EDT" duration-ms="93836">
    <groups>
      <group name="regression">
        <method signature="HomepageTest.ClickOnCheckOutandOrderSummaryPopup()[pri:5, instance:com.pageTest.HomepageTest@460d0a57]" name="ClickOnCheckOutandOrderSummaryPopup" class="com.pageTest.HomepageTest"/>
      </group> <!-- regression -->
      <group name="smoke">
        <method signature="HomepageTest.ClickOnCheckOutandOrderSummaryPopup()[pri:5, instance:com.pageTest.HomepageTest@460d0a57]" name="ClickOnCheckOutandOrderSummaryPopup" class="com.pageTest.HomepageTest"/>
      </group> <!-- smoke -->
    </groups>
    <test started-at="2023-06-02T23:56:46 EDT" name="Default test" finished-at="2023-06-02T23:58:19 EDT" duration-ms="93836">
      <class name="com.pageTest.HomepageTest">
        <test-method is-config="true" signature="SetUp()[pri:0, instance:com.pageTest.HomepageTest@460d0a57]" started-at="2023-06-02T23:56:46 EDT" name="SetUp" finished-at="2023-06-02T23:57:16 EDT" duration-ms="30749" status="PASS">
          <reporter-output>
          </reporter-output>
        </test-method> <!-- SetUp -->
        <test-method signature="ClickOnCheckOutandOrderSummaryPopup()[pri:5, instance:com.pageTest.HomepageTest@460d0a57]" started-at="2023-06-02T23:57:17 EDT" name="ClickOnCheckOutandOrderSummaryPopup" finished-at="2023-06-02T23:58:18 EDT" duration-ms="61661" status="FAIL">
          <exception class="org.openqa.selenium.NoSuchFrameException">
            <message>
              <![CDATA[No frame element found by name or id snap-midtrans
Build info: version: '4.8.1', revision: '8ebccac989'
System info: os.name: 'Mac OS X', os.arch: 'x86_64', os.version: '12.2.1', java.version: '18.0.1.1'
Driver info: driver.version: unknown]]>
            </message>
            <full-stacktrace>
              <![CDATA[org.openqa.selenium.NoSuchFrameException: No frame element found by name or id snap-midtrans
Build info: version: '4.8.1', revision: '8ebccac989'
System info: os.name: 'Mac OS X', os.arch: 'x86_64', os.version: '12.2.1', java.version: '18.0.1.1'
Driver info: driver.version: unknown
at org.openqa.selenium.remote.RemoteWebDriver$RemoteTargetLocator.frame(RemoteWebDriver.java:1015)
at com.pages.Homepage.OrderSummary_value_verify(Homepage.java:174)
at com.pageTest.HomepageTest.ClickOnCheckOutandOrderSummaryPopup(HomepageTest.java:95)
at java.base/jdk.internal.reflect.DirectMethodHandleAccessor.invoke(DirectMethodHandleAccessor.java:104)
at java.base/java.lang.reflect.Method.invoke(Method.java:577)
at org.testng.internal.MethodInvocationHelper.invokeMethod(MethodInvocationHelper.java:133)
at org.testng.internal.TestInvoker.invokeMethod(TestInvoker.java:598)
at org.testng.internal.TestInvoker.invokeTestMethod(TestInvoker.java:173)
at org.testng.internal.MethodRunner.runInSequence(MethodRunner.java:46)
at org.testng.internal.TestInvoker$MethodInvocationAgent.invoke(TestInvoker.java:824)
at org.testng.internal.TestInvoker.invokeTestMethods(TestInvoker.java:146)
at org.testng.internal.TestMethodWorker.invokeTestMethods(TestMethodWorker.java:146)
at org.testng.internal.TestMethodWorker.run(TestMethodWorker.java:128)
at java.base/java.util.ArrayList.forEach(ArrayList.java:1511)
at org.testng.TestRunner.privateRun(TestRunner.java:794)
at org.testng.TestRunner.run(TestRunner.java:596)
at org.testng.SuiteRunner.runTest(SuiteRunner.java:377)
at org.testng.SuiteRunner.runSequentially(SuiteRunner.java:371)
at org.testng.SuiteRunner.privateRun(SuiteRunner.java:332)
at org.testng.SuiteRunner.run(SuiteRunner.java:276)
at org.testng.SuiteRunnerWorker.runSuite(SuiteRunnerWorker.java:53)
at org.testng.SuiteRunnerWorker.run(SuiteRunnerWorker.java:96)
at org.testng.TestNG.runSuitesSequentially(TestNG.java:1212)
at org.testng.TestNG.runSuitesLocally(TestNG.java:1134)
at org.testng.TestNG.runSuites(TestNG.java:1063)
at org.testng.TestNG.run(TestNG.java:1031)
at org.testng.remote.AbstractRemoteTestNG.run(AbstractRemoteTestNG.java:115)
at org.testng.remote.RemoteTestNG.initAndRun(RemoteTestNG.java:251)
at org.testng.remote.RemoteTestNG.main(RemoteTestNG.java:77)
]]>
            </full-stacktrace>
          </exception> <!-- org.openqa.selenium.NoSuchFrameException -->
          <reporter-output>
          </reporter-output>
        </test-method> <!-- ClickOnCheckOutandOrderSummaryPopup -->
        <test-method is-config="true" signature="TearDown()[pri:0, instance:com.pageTest.HomepageTest@460d0a57]" started-at="2023-06-02T23:58:19 EDT" name="TearDown" finished-at="2023-06-02T23:58:19 EDT" duration-ms="880" status="PASS">
          <reporter-output>
          </reporter-output>
        </test-method> <!-- TearDown -->
      </class> <!-- com.pageTest.HomepageTest -->
    </test> <!-- Default test -->
  </suite> <!-- Default suite -->
</testng-results>
